BTCIRT: 13,271,886,845.00 -> 132,389,900,000.00 (+897.52%)
BTCIRT: 131,065,384,950.00 -> 134,999,999,990.00 (+3.00%)
BTCIRT: 135,394,453,200.00 -> 125,682,101,100.00 (-7.17%)
USDTIRT: 177,706.00 -> 1,769,990.00 (+896.02%)
USDTIRT: 1,769,990.00 -> 1,703,430.00 (-3.76%)
USDTIRT: 1,710,310.00 -> 1,746,550.00 (+2.12%)
USDTIRT: 1,750,000.00 -> 1,708,070.00 (-2.40%)
BTCIRT: 13,271,886,845.00 -> 132,389,900,000.00 (+897.52%)
BTCIRT: 131,065,384,950.00 -> 134,999,999,990.00 (+3.00%)
BTCIRT: 135,394,453,200.00 -> 125,682,101,100.00 (-7.17%)
USDTIRT: 177,706.00 -> 1,769,990.00 (+896.02%)
USDTIRT: 1,769,990.00 -> 1,703,430.00 (-3.76%)
USDTIRT: 1,710,310.00 -> 1,746,550.00 (+2.12%)
USDTIRT: 1,750,000.00 -> 1,708,070.00 (-2.40%)
BTCIRT: 13,271,886,845.00 -> 132,389,900,000.00 (+897.52%)
BTCIRT: 131,065,384,950.00 -> 134,999,999,990.00 (+3.00%)
BTCIRT: 135,394,453,200.00 -> 125,682,101,100.00 (-7.17%)
USDTIRT: 177,706.00 -> 1,769,990.00 (+896.02%)
USDTIRT: 1,769,990.00 -> 1,703,430.00 (-3.76%)
USDTIRT: 1,710,310.00 -> 1,746,550.00 (+2.12%)
USDTIRT: 1,750,000.00 -> 1,708,070.00 (-2.40%)
BTCIRT: 13,271,886,845.00 -> 132,389,900,000.00 (+897.52%)
BTCIRT: 131,065,384,950.00 -> 134,999,999,990.00 (+3.00%)
BTCIRT: 135,394,453,200.00 -> 125,682,101,100.00 (-7.17%)
USDTIRT: 177,706.00 -> 1,769,990.00 (+896.02%)
USDTIRT: 1,769,990.00 -> 1,703,430.00 (-3.76%)
USDTIRT: 1,710,310.00 -> 1,746,550.00 (+2.12%)
USDTIRT: 1,750,000.00 -> 1,708,070.00 (-2.40%)
BTCIRT: 13,271,886,845.00 -> 132,389,900,000.00 (+897.52%)
BTCIRT: 131,065,384,950.00 -> 134,999,999,990.00 (+3.00%)
BTCIRT: 135,394,453,200.00 -> 125,682,101,100.00 (-7.17%)
USDTIRT: 177,706.00 -> 1,769,990.00 (+896.02%)
USDTIRT: 1,769,990.00 -> 1,703,430.00 (-3.76%)
USDTIRT: 1,710,310.00 -> 1,746,550.00 (+2.12%)
USDTIRT: 1,750,000.00 -> 1,708,070.00 (-2.40%)
BTCIRT: 126,130,000,000.00 -> 132,389,900,000.00 (+4.96%)
BTCIRT: 131,065,384,950.00 -> 134,999,999,990.00 (+3.00%)
BTCIRT: 135,394,453,200.00 -> 13,268,306,142.00 (-90.20%)
BTCIRT: 13,271,886,845.00 -> 125,682,101,100.00 (+846.98%)
USDTIRT: 1,746,550.00 -> 177,706.00 (-89.83%)
USDTIRT: 177,706.00 -> 1,752,980.00 (+886.45%)
USDTIRT: 1,769,990.00 -> 1,708,070.00 (-3.50%)
USDTIRT: 1,703,430.00 -> 1,752,600.00 (+2.89%)
USDTIRT: 1,752,600.00 -> 1,699,970.00 (-3.00%)
USDTIRT: 1,699,930.00 -> 1,752,410.00 (+3.09%)
USDTIRT: 1,752,410.00 -> 1,703,000.00 (-2.82%)
USDTIRT: 1,699,980.00 -> 1,750,000.00 (+2.94%)
USDTIRT: 1,750,000.00 -> 1,701,500.00 (-2.77%)
USDTIRT: 1,701,500.00 -> 1,769,990.00 (+4.03%)
USDTIRT: 1,769,990.00 -> 1,710,980.00 (-3.33%)
USDTIRT: 1,710,320.00 -> 177,660.00 (-89.61%)
BTCIRT: 13,271,886,845.00 -> 132,389,900,000.00 (+897.52%)
BTCIRT: 131,065,384,950.00 -> 134,999,999,990.00 (+3.00%)
BTCIRT: 135,394,453,200.00 -> 125,682,101,100.00 (-7.17%)
USDTIRT: 177,706.00 -> 1,769,990.00 (+896.02%)
USDTIRT: 1,769,990.00 -> 1,703,430.00 (-3.76%)
USDTIRT: 1,710,310.00 -> 1,746,550.00 (+2.12%)
USDTIRT: 1,750,000.00 -> 1,708,070.00 (-2.40%)
BTCIRT: 13,271,886,845.00 -> 132,389,900,000.00 (+897.52%)
BTCIRT: 131,065,384,950.00 -> 134,999,999,990.00 (+3.00%)
BTCIRT: 135,394,453,200.00 -> 125,682,101,100.00 (-7.17%)
USDTIRT: 177,706.00 -> 1,769,990.00 (+896.02%)
USDTIRT: 1,769,990.00 -> 1,703,430.00 (-3.76%)
USDTIRT: 1,710,310.00 -> 1,746,550.00 (+2.12%)
USDTIRT: 1,750,000.00 -> 1,708,070.00 (-2.40%)
BTCIRT: 13,271,886,845.00 -> 132,389,900,000.00 (+897.52%)
BTCIRT: 131,065,384,950.00 -> 134,999,999,990.00 (+3.00%)
BTCIRT: 135,394,453,200.00 -> 125,682,101,100.00 (-7.17%)
USDTIRT: 177,706.00 -> 1,769,990.00 (+896.02%)
USDTIRT: 1,769,990.00 -> 1,703,430.00 (-3.76%)
USDTIRT: 1,710,310.00 -> 1,746,550.00 (+2.12%)
USDTIRT: 1,750,000.00 -> 1,708,070.00 (-2.40%)
BTCIRT: 13,271,886,845.00 -> 132,389,900,000.00 (+897.52%)
BTCIRT: 131,065,384,950.00 -> 134,999,999,990.00 (+3.00%)
BTCIRT: 135,394,453,200.00 -> 125,682,101,100.00 (-7.17%)
USDTIRT: 177,706.00 -> 1,769,990.00 (+896.02%)
USDTIRT: 1,769,990.00 -> 1,703,430.00 (-3.76%)
USDTIRT: 1,710,310.00 -> 1,746,550.00 (+2.12%)
USDTIRT: 1,750,000.00 -> 1,708,070.00 (-2.40%)
BTCIRT: 13,271,886,845.00 -> 132,389,900,000.00 (+897.52%)
BTCIRT: 131,065,384,950.00 -> 134,999,999,990.00 (+3.00%)
BTCIRT: 135,394,453,200.00 -> 125,682,101,100.00 (-7.17%)
BTCIRT: 126,130,000,000.00 -> 122,540,160,000.00 (-2.85%)
USDTIRT: 177,706.00 -> 1,769,990.00 (+896.02%)
USDTIRT: 1,769,990.00 -> 1,703,430.00 (-3.76%)
USDTIRT: 1,710,310.00 -> 1,746,550.00 (+2.12%)
USDTIRT: 1,750,000.00 -> 1,708,070.00 (-2.40%)
BTCIRT: 13,271,886,845.00 -> 132,389,900,000.00 (+897.52%)
BTCIRT: 131,065,384,950.00 -> 134,999,999,990.00 (+3.00%)
BTCIRT: 135,394,453,200.00 -> 125,682,101,100.00 (-7.17%)
BTCIRT: 126,130,000,000.00 -> 122,540,160,000.00 (-2.85%)
USDTIRT: 177,706.00 -> 1,769,990.00 (+896.02%)
USDTIRT: 1,769,990.00 -> 1,703,430.00 (-3.76%)
USDTIRT: 1,710,310.00 -> 1,746,550.00 (+2.12%)
USDTIRT: 1,750,000.00 -> 1,708,070.00 (-2.40%)
BTCIRT: 13,271,886,845.00 -> 132,389,900,000.00 (+897.52%)
BTCIRT: 131,065,384,950.00 -> 134,999,999,990.00 (+3.00%)
BTCIRT: 135,394,453,200.00 -> 125,682,101,100.00 (-7.17%)
BTCIRT: 126,130,000,000.00 -> 122,540,160,000.00 (-2.85%)
USDTIRT: 177,706.00 -> 1,769,990.00 (+896.02%)
USDTIRT: 1,769,990.00 -> 1,703,430.00 (-3.76%)
USDTIRT: 1,710,310.00 -> 1,746,550.00 (+2.12%)
USDTIRT: 1,750,000.00 -> 1,708,070.00 (-2.40%)
BTCIRT: 13,271,886,845.00 -> 132,389,900,000.00 (+897.52%)
BTCIRT: 131,065,384,950.00 -> 134,999,999,990.00 (+3.00%)
BTCIRT: 135,394,453,200.00 -> 125,682,101,100.00 (-7.17%)
BTCIRT: 126,130,000,000.00 -> 122,540,160,000.00 (-2.85%)
USDTIRT: 177,706.00 -> 1,769,990.00 (+896.02%)
USDTIRT: 1,769,990.00 -> 1,703,430.00 (-3.76%)
USDTIRT: 1,710,310.00 -> 1,746,550.00 (+2.12%)
USDTIRT: 1,750,000.00 -> 1,708,070.00 (-2.40%)
BTCIRT: 13,271,886,845.00 -> 132,389,900,000.00 (+897.52%)
BTCIRT: 131,065,384,950.00 -> 134,999,999,990.00 (+3.00%)
BTCIRT: 135,394,453,200.00 -> 125,682,101,100.00 (-7.17%)
BTCIRT: 126,130,000,000.00 -> 122,540,160,000.00 (-2.85%)
BTCIRT: 121,850,000,010.00 -> 114,999,989,310.00 (-5.62%)
USDTIRT: 177,706.00 -> 1,769,990.00 (+896.02%)
USDTIRT: 1,769,990.00 -> 1,703,430.00 (-3.76%)
USDTIRT: 1,710,310.00 -> 1,746,550.00 (+2.12%)
USDTIRT: 1,750,000.00 -> 1,708,070.00 (-2.40%)
BTCIRT: 13,271,886,845.00 -> 132,389,900,000.00 (+897.52%)
BTCIRT: 131,065,384,950.00 -> 134,999,999,990.00 (+3.00%)
BTCIRT: 135,394,453,200.00 -> 125,682,101,100.00 (-7.17%)
BTCIRT: 126,130,000,000.00 -> 122,540,160,000.00 (-2.85%)
BTCIRT: 121,850,000,010.00 -> 114,999,989,310.00 (-5.62%)
USDTIRT: 177,706.00 -> 1,769,990.00 (+896.02%)
USDTIRT: 1,769,990.00 -> 1,703,430.00 (-3.76%)
USDTIRT: 1,710,310.00 -> 1,746,550.00 (+2.12%)
USDTIRT: 1,750,000.00 -> 1,708,070.00 (-2.40%)
BTCIRT: 13,271,886,845.00 -> 132,389,900,000.00 (+897.52%)
BTCIRT: 131,065,384,950.00 -> 134,999,999,990.00 (+3.00%)
BTCIRT: 135,394,453,200.00 -> 125,682,101,100.00 (-7.17%)
BTCIRT: 126,130,000,000.00 -> 122,540,160,000.00 (-2.85%)
BTCIRT: 121,850,000,010.00 -> 114,999,989,310.00 (-5.62%)
USDTIRT: 177,706.00 -> 1,769,990.00 (+896.02%)
USDTIRT: 1,769,990.00 -> 1,703,430.00 (-3.76%)
USDTIRT: 1,710,310.00 -> 1,746,550.00 (+2.12%)
USDTIRT: 1,750,000.00 -> 1,708,070.00 (-2.40%)
BTCIRT: 13,271,886,845.00 -> 132,389,900,000.00 (+897.52%)
BTCIRT: 131,065,384,950.00 -> 134,999,999,990.00 (+3.00%)
BTCIRT: 135,394,453,200.00 -> 125,682,101,100.00 (-7.17%)
BTCIRT: 126,130,000,000.00 -> 122,540,160,000.00 (-2.85%)
BTCIRT: 121,850,000,010.00 -> 114,999,989,310.00 (-5.62%)
USDTIRT: 177,706.00 -> 1,769,990.00 (+896.02%)
USDTIRT: 1,769,990.00 -> 1,703,430.00 (-3.76%)
USDTIRT: 1,710,310.00 -> 1,746,550.00 (+2.12%)
USDTIRT: 1,750,000.00 -> 1,708,070.00 (-2.40%)
BTCIRT: 13,271,886,845.00 -> 132,389,900,000.00 (+897.52%)
BTCIRT: 131,065,384,950.00 -> 134,999,999,990.00 (+3.00%)
BTCIRT: 135,394,453,200.00 -> 125,682,101,100.00 (-7.17%)
BTCIRT: 126,130,000,000.00 -> 122,540,160,000.00 (-2.85%)
BTCIRT: 121,850,000,010.00 -> 114,999,989,310.00 (-5.62%)
USDTIRT: 1,769,990.00 -> 1,703,430.00 (-3.76%)
USDTIRT: 1,710,310.00 -> 1,746,550.00 (+2.12%)
USDTIRT: 1,750,000.00 -> 1,708,070.00 (-2.40%)
BTCIRT: 13,271,886,845.00 -> 132,389,900,000.00 (+897.52%)
BTCIRT: 131,065,384,950.00 -> 134,999,999,990.00 (+3.00%)
BTCIRT: 135,394,453,200.00 -> 125,682,101,100.00 (-7.17%)
BTCIRT: 126,130,000,000.00 -> 122,540,160,000.00 (-2.85%)
BTCIRT: 121,850,000,010.00 -> 114,999,989,310.00 (-5.62%)
USDTIRT: 1,769,990.00 -> 1,703,430.00 (-3.76%)
USDTIRT: 1,710,310.00 -> 1,746,550.00 (+2.12%)
USDTIRT: 1,750,000.00 -> 1,708,070.00 (-2.40%)
BTCIRT: 13,271,886,845.00 -> 132,389,900,000.00 (+897.52%)
BTCIRT: 131,065,384,950.00 -> 134,999,999,990.00 (+3.00%)
BTCIRT: 135,394,453,200.00 -> 125,682,101,100.00 (-7.17%)
BTCIRT: 126,130,000,000.00 -> 122,540,160,000.00 (-2.85%)
BTCIRT: 121,850,000,010.00 -> 114,999,989,310.00 (-5.62%)
USDTIRT: 1,769,990.00 -> 1,703,430.00 (-3.76%)
USDTIRT: 1,710,310.00 -> 1,746,550.00 (+2.12%)
USDTIRT: 1,750,000.00 -> 1,708,070.00 (-2.40%)
[2026-06-03 06:12:35] BTCIRT: 13,271,886,845.00 -> 132,389,900,000.00 (+897.52%)
[2026-06-03 06:12:35] BTCIRT: 131,065,384,950.00 -> 134,999,999,990.00 (+3.00%)
[2026-06-03 06:12:35] BTCIRT: 135,394,453,200.00 -> 125,682,101,100.00 (-7.17%)
[2026-06-03 06:12:35] BTCIRT: 126,130,000,000.00 -> 122,540,160,000.00 (-2.85%)
[2026-06-03 06:12:35] BTCIRT: 121,850,000,010.00 -> 114,999,989,310.00 (-5.62%)
[2026-06-03 06:12:36] USDTIRT: 1,769,990.00 -> 1,703,430.00 (-3.76%)
[2026-06-03 06:12:36] USDTIRT: 1,710,310.00 -> 1,746,550.00 (+2.12%)
[2026-06-03 06:12:36] USDTIRT: 1,750,000.00 -> 1,708,070.00 (-2.40%)
[2026-06-03 06:21:00] BTCIRT: 13,271,886,845.00 -> 132,389,900,000.00 (+897.52%)
[2026-06-03 06:21:00] BTCIRT: 131,065,384,950.00 -> 134,999,999,990.00 (+3.00%)
[2026-06-03 06:21:00] BTCIRT: 135,394,453,200.00 -> 125,682,101,100.00 (-7.17%)
[2026-06-03 06:21:00] BTCIRT: 126,130,000,000.00 -> 122,540,160,000.00 (-2.85%)
[2026-06-03 06:21:00] BTCIRT: 121,850,000,010.00 -> 114,999,989,310.00 (-5.62%)
[2026-06-03 06:21:01] USDTIRT: 1,769,990.00 -> 1,703,430.00 (-3.76%)
[2026-06-03 06:21:01] USDTIRT: 1,710,310.00 -> 1,746,550.00 (+2.12%)
[2026-06-03 06:21:01] USDTIRT: 1,750,000.00 -> 1,708,070.00 (-2.40%)
[2026-06-03 11:41:20] BTCIRT: 13,271,886,845.00 -> 132,389,900,000.00 (+897.52%)
[2026-06-03 11:41:20] BTCIRT: 131,065,384,950.00 -> 134,999,999,990.00 (+3.00%)
[2026-06-03 11:41:20] BTCIRT: 135,394,453,200.00 -> 125,682,101,100.00 (-7.17%)
[2026-06-03 11:41:20] BTCIRT: 126,130,000,000.00 -> 122,540,160,000.00 (-2.85%)
[2026-06-03 11:41:20] BTCIRT: 121,850,000,010.00 -> 114,999,989,310.00 (-5.62%)
[2026-06-03 11:41:21] USDTIRT: 1,769,990.00 -> 1,703,430.00 (-3.76%)
[2026-06-03 11:41:21] USDTIRT: 1,710,310.00 -> 1,746,550.00 (+2.12%)
[2026-06-03 11:41:21] USDTIRT: 1,750,000.00 -> 1,708,070.00 (-2.40%)
[2026-06-06 10:14:04] BTCIRT: 13,271,886,845.00 -> 132,389,900,000.00 (+897.52%)
[2026-06-06 10:14:04] BTCIRT: 131,065,384,950.00 -> 134,999,999,990.00 (+3.00%)
[2026-06-06 10:14:04] BTCIRT: 135,394,453,200.00 -> 125,682,101,100.00 (-7.17%)
[2026-06-06 10:14:04] BTCIRT: 126,130,000,000.00 -> 122,540,160,000.00 (-2.85%)
[2026-06-06 10:14:04] BTCIRT: 121,850,000,010.00 -> 114,999,989,310.00 (-5.62%)
[2026-06-06 10:14:04] BTCIRT: 115,300,281,580.00 -> 106,999,999,960.00 (-7.20%)
[2026-06-06 10:14:05] USDTIRT: 1,769,990.00 -> 1,703,430.00 (-3.76%)
[2026-06-06 10:14:05] USDTIRT: 1,710,310.00 -> 1,746,550.00 (+2.12%)
[2026-06-06 10:14:05] USDTIRT: 1,750,000.00 -> 1,708,070.00 (-2.40%)
[2026-06-06 10:14:05] USDTIRT: 1,719,250.00 -> 1,756,300.00 (+2.16%)
[2026-06-06 10:17:38] BTCIRT: 13,271,886,845.00 -> 132,389,900,000.00 (+897.52%)
[2026-06-06 10:17:38] BTCIRT: 131,065,384,950.00 -> 134,999,999,990.00 (+3.00%)
[2026-06-06 10:17:38] BTCIRT: 135,394,453,200.00 -> 125,682,101,100.00 (-7.17%)
[2026-06-06 10:17:38] BTCIRT: 126,130,000,000.00 -> 122,540,160,000.00 (-2.85%)
[2026-06-06 10:17:38] BTCIRT: 121,850,000,010.00 -> 114,999,989,310.00 (-5.62%)
[2026-06-06 10:17:38] BTCIRT: 115,300,281,580.00 -> 106,999,999,960.00 (-7.20%)
[2026-06-06 10:17:38] USDTIRT: 1,769,990.00 -> 1,703,430.00 (-3.76%)
[2026-06-06 10:17:38] USDTIRT: 1,710,310.00 -> 1,746,550.00 (+2.12%)
[2026-06-06 10:17:38] USDTIRT: 1,750,000.00 -> 1,708,070.00 (-2.40%)
[2026-06-06 10:17:38] USDTIRT: 1,719,250.00 -> 1,756,300.00 (+2.16%)
[2026-06-06 10:23:08] BTCIRT: 13,271,886,845.00 -> 132,389,900,000.00 (+897.52%)
[2026-06-06 10:23:08] BTCIRT: 131,065,384,950.00 -> 134,999,999,990.00 (+3.00%)
[2026-06-06 10:23:08] BTCIRT: 135,394,453,200.00 -> 125,682,101,100.00 (-7.17%)
[2026-06-06 10:23:08] BTCIRT: 126,130,000,000.00 -> 122,540,160,000.00 (-2.85%)
[2026-06-06 10:23:08] BTCIRT: 121,850,000,010.00 -> 114,999,989,310.00 (-5.62%)
[2026-06-06 10:23:08] BTCIRT: 115,300,281,580.00 -> 106,999,999,960.00 (-7.20%)
[2026-06-06 10:23:09] USDTIRT: 1,769,990.00 -> 1,703,430.00 (-3.76%)
[2026-06-06 10:23:09] USDTIRT: 1,710,310.00 -> 1,746,550.00 (+2.12%)
[2026-06-06 10:23:09] USDTIRT: 1,750,000.00 -> 1,708,070.00 (-2.40%)
[2026-06-06 10:23:09] USDTIRT: 1,719,250.00 -> 1,756,300.00 (+2.16%)
[2026-06-06 10:25:54] BTCIRT: 13,271,886,845.00 -> 132,389,900,000.00 (+897.52%)
[2026-06-06 10:25:54] BTCIRT: 131,065,384,950.00 -> 134,999,999,990.00 (+3.00%)
[2026-06-06 10:25:54] BTCIRT: 135,394,453,200.00 -> 125,682,101,100.00 (-7.17%)
[2026-06-06 10:25:54] BTCIRT: 126,130,000,000.00 -> 122,540,160,000.00 (-2.85%)
[2026-06-06 10:25:54] BTCIRT: 121,850,000,010.00 -> 114,999,989,310.00 (-5.62%)
[2026-06-06 10:25:54] BTCIRT: 115,300,281,580.00 -> 106,999,999,960.00 (-7.20%)
[2026-06-06 10:25:55] USDTIRT: 1,769,990.00 -> 1,703,430.00 (-3.76%)
[2026-06-06 10:25:55] USDTIRT: 1,710,310.00 -> 1,746,550.00 (+2.12%)
[2026-06-06 10:25:55] USDTIRT: 1,750,000.00 -> 1,708,070.00 (-2.40%)
[2026-06-06 10:25:55] USDTIRT: 1,719,250.00 -> 1,756,300.00 (+2.16%)
[2026-06-06 10:44:15] BTCIRT: 13,271,886,845.00 -> 132,389,900,000.00 (+897.52%)
[2026-06-06 10:44:15] BTCIRT: 131,065,384,950.00 -> 134,999,999,990.00 (+3.00%)
[2026-06-06 10:44:15] BTCIRT: 135,394,453,200.00 -> 125,682,101,100.00 (-7.17%)
[2026-06-06 10:44:15] BTCIRT: 126,130,000,000.00 -> 122,540,160,000.00 (-2.85%)
[2026-06-06 10:44:15] BTCIRT: 121,850,000,010.00 -> 114,999,989,310.00 (-5.62%)
[2026-06-06 10:44:15] BTCIRT: 115,300,281,580.00 -> 106,999,999,960.00 (-7.20%)
[2026-06-06 10:44:16] USDTIRT: 1,769,990.00 -> 1,703,430.00 (-3.76%)
[2026-06-06 10:44:16] USDTIRT: 1,710,310.00 -> 1,746,550.00 (+2.12%)
[2026-06-06 10:44:16] USDTIRT: 1,750,000.00 -> 1,708,070.00 (-2.40%)
[2026-06-06 10:44:16] USDTIRT: 1,719,250.00 -> 1,756,300.00 (+2.16%)
[2026-06-06 10:44:25] BTCIRT: 13,271,886,845.00 -> 132,389,900,000.00 (+897.52%)
[2026-06-06 10:44:25] BTCIRT: 131,065,384,950.00 -> 134,999,999,990.00 (+3.00%)
[2026-06-06 10:44:25] BTCIRT: 135,394,453,200.00 -> 125,682,101,100.00 (-7.17%)
[2026-06-06 10:44:25] BTCIRT: 126,130,000,000.00 -> 122,540,160,000.00 (-2.85%)
[2026-06-06 10:44:26] BTCIRT: 121,850,000,010.00 -> 114,999,989,310.00 (-5.62%)
[2026-06-06 10:44:26] BTCIRT: 115,300,281,580.00 -> 106,999,999,960.00 (-7.20%)
[2026-06-06 10:44:27] USDTIRT: 1,769,990.00 -> 1,703,430.00 (-3.76%)
[2026-06-06 10:44:27] USDTIRT: 1,710,310.00 -> 1,746,550.00 (+2.12%)
[2026-06-06 10:44:27] USDTIRT: 1,750,000.00 -> 1,708,070.00 (-2.40%)
[2026-06-06 10:44:27] USDTIRT: 1,719,250.00 -> 1,756,300.00 (+2.16%)
[2026-06-06 10:51:08] BTCIRT: 13,271,886,845.00 -> 132,389,900,000.00 (+897.52%)
[2026-06-06 10:51:08] BTCIRT: 131,065,384,950.00 -> 134,999,999,990.00 (+3.00%)
[2026-06-06 10:51:08] BTCIRT: 135,394,453,200.00 -> 125,682,101,100.00 (-7.17%)
[2026-06-06 10:51:08] BTCIRT: 126,130,000,000.00 -> 122,540,160,000.00 (-2.85%)
[2026-06-06 10:51:08] BTCIRT: 121,850,000,010.00 -> 114,999,989,310.00 (-5.62%)
[2026-06-06 10:51:08] BTCIRT: 115,300,281,580.00 -> 106,999,999,960.00 (-7.20%)
[2026-06-06 10:51:08] USDTIRT: 1,769,990.00 -> 1,703,430.00 (-3.76%)
[2026-06-06 10:51:08] USDTIRT: 1,710,310.00 -> 1,746,550.00 (+2.12%)
[2026-06-06 10:51:08] USDTIRT: 1,750,000.00 -> 1,708,070.00 (-2.40%)
[2026-06-06 10:51:08] USDTIRT: 1,719,250.00 -> 1,756,300.00 (+2.16%)
[2026-06-06 10:51:16] BTCIRT: 13,271,886,845.00 -> 132,389,900,000.00 (+897.52%)
[2026-06-06 10:51:16] BTCIRT: 131,065,384,950.00 -> 134,999,999,990.00 (+3.00%)
[2026-06-06 10:51:16] BTCIRT: 135,394,453,200.00 -> 125,682,101,100.00 (-7.17%)
[2026-06-06 10:51:16] BTCIRT: 126,130,000,000.00 -> 122,540,160,000.00 (-2.85%)
[2026-06-06 10:51:16] BTCIRT: 121,850,000,010.00 -> 114,999,989,310.00 (-5.62%)
[2026-06-06 10:51:16] BTCIRT: 115,300,281,580.00 -> 106,999,999,960.00 (-7.20%)
[2026-06-06 10:51:16] USDTIRT: 1,769,990.00 -> 1,703,430.00 (-3.76%)
[2026-06-06 10:51:16] USDTIRT: 1,710,310.00 -> 1,746,550.00 (+2.12%)
[2026-06-06 10:51:16] USDTIRT: 1,750,000.00 -> 1,708,070.00 (-2.40%)
[2026-06-06 10:51:16] USDTIRT: 1,719,250.00 -> 1,756,300.00 (+2.16%)
[2026-06-06 10:51:56] BTCIRT: 13,271,886,845.00 -> 132,389,900,000.00 (+897.52%)
[2026-06-06 10:51:56] BTCIRT: 131,065,384,950.00 -> 134,999,999,990.00 (+3.00%)
[2026-06-06 10:51:56] BTCIRT: 135,394,453,200.00 -> 125,682,101,100.00 (-7.17%)
[2026-06-06 10:51:56] BTCIRT: 126,130,000,000.00 -> 122,540,160,000.00 (-2.85%)
[2026-06-06 10:51:56] BTCIRT: 121,850,000,010.00 -> 114,999,989,310.00 (-5.62%)
[2026-06-06 10:51:56] BTCIRT: 115,300,281,580.00 -> 106,999,999,960.00 (-7.20%)
[2026-06-06 10:51:57] USDTIRT: 1,769,990.00 -> 1,703,430.00 (-3.76%)
[2026-06-06 10:51:57] USDTIRT: 1,710,310.00 -> 1,746,550.00 (+2.12%)
[2026-06-06 10:51:57] USDTIRT: 1,750,000.00 -> 1,708,070.00 (-2.40%)
[2026-06-06 10:51:57] USDTIRT: 1,719,250.00 -> 1,756,300.00 (+2.16%)
[2026-06-06 10:54:24] BTCIRT: 13,271,886,845.00 -> 132,389,900,000.00 (+897.52%)
[2026-06-06 10:54:24] BTCIRT: 131,065,384,950.00 -> 134,999,999,990.00 (+3.00%)
[2026-06-06 10:54:24] BTCIRT: 135,394,453,200.00 -> 125,682,101,100.00 (-7.17%)
[2026-06-06 10:54:24] BTCIRT: 126,130,000,000.00 -> 122,540,160,000.00 (-2.85%)
[2026-06-06 10:54:24] BTCIRT: 121,850,000,010.00 -> 114,999,989,310.00 (-5.62%)
[2026-06-06 10:54:24] BTCIRT: 115,300,281,580.00 -> 106,999,999,960.00 (-7.20%)
[2026-06-06 10:54:24] USDTIRT: 1,769,990.00 -> 1,703,430.00 (-3.76%)
[2026-06-06 10:54:24] USDTIRT: 1,710,310.00 -> 1,746,550.00 (+2.12%)
[2026-06-06 10:54:24] USDTIRT: 1,750,000.00 -> 1,708,070.00 (-2.40%)
[2026-06-06 10:54:24] USDTIRT: 1,719,250.00 -> 1,756,300.00 (+2.16%)
[2026-06-06 10:54:32] BTCIRT: 13,271,886,845.00 -> 132,389,900,000.00 (+897.52%)
[2026-06-06 10:54:32] BTCIRT: 131,065,384,950.00 -> 134,999,999,990.00 (+3.00%)
[2026-06-06 10:54:32] BTCIRT: 135,394,453,200.00 -> 125,682,101,100.00 (-7.17%)
[2026-06-06 10:54:32] BTCIRT: 126,130,000,000.00 -> 122,540,160,000.00 (-2.85%)
[2026-06-06 10:54:32] BTCIRT: 121,850,000,010.00 -> 114,999,989,310.00 (-5.62%)
[2026-06-06 10:54:32] BTCIRT: 115,300,281,580.00 -> 106,999,999,960.00 (-7.20%)
[2026-06-06 10:54:33] USDTIRT: 1,769,990.00 -> 1,703,430.00 (-3.76%)
[2026-06-06 10:54:33] USDTIRT: 1,710,310.00 -> 1,746,550.00 (+2.12%)
[2026-06-06 10:54:33] USDTIRT: 1,750,000.00 -> 1,708,070.00 (-2.40%)
[2026-06-06 10:54:33] USDTIRT: 1,719,250.00 -> 1,756,300.00 (+2.16%)
[2026-06-06 10:55:41] BTCIRT: 13,271,886,845.00 -> 132,389,900,000.00 (+897.52%)
[2026-06-06 10:55:41] BTCIRT: 131,065,384,950.00 -> 134,999,999,990.00 (+3.00%)
[2026-06-06 10:55:41] BTCIRT: 135,394,453,200.00 -> 125,682,101,100.00 (-7.17%)
[2026-06-06 10:55:41] BTCIRT: 126,130,000,000.00 -> 122,540,160,000.00 (-2.85%)
[2026-06-06 10:55:41] BTCIRT: 121,850,000,010.00 -> 114,999,989,310.00 (-5.62%)
[2026-06-06 10:55:41] BTCIRT: 115,300,281,580.00 -> 106,999,999,960.00 (-7.20%)
[2026-06-06 10:55:42] USDTIRT: 1,769,990.00 -> 1,703,430.00 (-3.76%)
[2026-06-06 10:55:42] USDTIRT: 1,710,310.00 -> 1,746,550.00 (+2.12%)
[2026-06-06 10:55:42] USDTIRT: 1,750,000.00 -> 1,708,070.00 (-2.40%)
[2026-06-06 10:55:42] USDTIRT: 1,719,250.00 -> 1,756,300.00 (+2.16%)
[2026-06-06 10:56:07] BTCIRT: 13,271,886,845.00 -> 132,389,900,000.00 (+897.52%)
[2026-06-06 10:56:07] BTCIRT: 131,065,384,950.00 -> 134,999,999,990.00 (+3.00%)
[2026-06-06 10:56:07] BTCIRT: 135,394,453,200.00 -> 125,682,101,100.00 (-7.17%)
[2026-06-06 10:56:07] BTCIRT: 126,130,000,000.00 -> 122,540,160,000.00 (-2.85%)
[2026-06-06 10:56:07] BTCIRT: 121,850,000,010.00 -> 114,999,989,310.00 (-5.62%)
[2026-06-06 10:56:07] BTCIRT: 115,300,281,580.00 -> 106,999,999,960.00 (-7.20%)
[2026-06-06 10:56:08] USDTIRT: 1,769,990.00 -> 1,703,430.00 (-3.76%)
[2026-06-06 10:56:08] USDTIRT: 1,710,310.00 -> 1,746,550.00 (+2.12%)
[2026-06-06 10:56:08] USDTIRT: 1,750,000.00 -> 1,708,070.00 (-2.40%)
[2026-06-06 10:56:08] USDTIRT: 1,719,250.00 -> 1,756,300.00 (+2.16%)
[2026-06-06 10:57:02] BTCIRT: 13,271,886,845.00 -> 132,389,900,000.00 (+897.52%)
[2026-06-06 10:57:02] BTCIRT: 131,065,384,950.00 -> 134,999,999,990.00 (+3.00%)
[2026-06-06 10:57:02] BTCIRT: 135,394,453,200.00 -> 125,682,101,100.00 (-7.17%)
[2026-06-06 10:57:02] BTCIRT: 126,130,000,000.00 -> 122,540,160,000.00 (-2.85%)
[2026-06-06 10:57:02] BTCIRT: 121,850,000,010.00 -> 114,999,989,310.00 (-5.62%)
[2026-06-06 10:57:02] BTCIRT: 115,300,281,580.00 -> 106,999,999,960.00 (-7.20%)
[2026-06-06 10:57:03] USDTIRT: 1,769,990.00 -> 1,703,430.00 (-3.76%)
[2026-06-06 10:57:03] USDTIRT: 1,710,310.00 -> 1,746,550.00 (+2.12%)
[2026-06-06 10:57:03] USDTIRT: 1,750,000.00 -> 1,708,070.00 (-2.40%)
[2026-06-06 10:57:03] USDTIRT: 1,719,250.00 -> 1,756,300.00 (+2.16%)
[2026-06-06 10:57:45] BTCIRT: 13,271,886,845.00 -> 132,389,900,000.00 (+897.52%)
[2026-06-06 10:57:45] BTCIRT: 131,065,384,950.00 -> 134,999,999,990.00 (+3.00%)
[2026-06-06 10:57:45] BTCIRT: 135,394,453,200.00 -> 125,682,101,100.00 (-7.17%)
[2026-06-06 10:57:45] BTCIRT: 126,130,000,000.00 -> 122,540,160,000.00 (-2.85%)
[2026-06-06 10:57:45] BTCIRT: 121,850,000,010.00 -> 114,999,989,310.00 (-5.62%)
[2026-06-06 10:57:45] BTCIRT: 115,300,281,580.00 -> 106,999,999,960.00 (-7.20%)
[2026-06-06 10:57:46] USDTIRT: 1,769,990.00 -> 1,703,430.00 (-3.76%)
[2026-06-06 10:57:46] USDTIRT: 1,710,310.00 -> 1,746,550.00 (+2.12%)
[2026-06-06 10:57:46] USDTIRT: 1,750,000.00 -> 1,708,070.00 (-2.40%)
[2026-06-06 10:57:46] USDTIRT: 1,719,250.00 -> 1,756,300.00 (+2.16%)
